# JRE version: Java(TM) SE Runtime Environment (15.0.2+7) (build 15.0.2+7-27)
# Java VM: Java HotSpot(TM) 64-Bit Server VM (15.0.2+7-27, mixed mode, sharing, tiered, compressed oops, g1 gc, windows-amd64)
GC Precious Log:
 CPUs: 4 total, 4 available
 Memory: 8073M
 Large Page Support: Disabled
 NUMA Support: Disabled
 Compressed Oops: Enabled (32-bit)
 Heap Region Size: 1M
 Heap Min Capacity: 8M
 Heap Initial Capacity: 128M
 Heap Max Capacity: 2020M
 Pre-touch: Disabled
 Parallel Workers: 4
 Concurrent Workers: 1
 Concurrent Refinement Workers: 4
 Periodic GC: Disabled
Heap:
 garbage-first heap   total 131072K, used 62017K [0x0000000081c00000, 0x0000000100000000)
  region size 1024K, 7 young (7168K), 3 survivors (3072K)
 Metaspace       used 67024K, capacity 67763K, committed 67868K, reserved 1107968K
  class space    used 8508K, capacity 8727K, committed 8828K, reserved 1048576K
GC Heap History (20 events):
Event: 16.100 GC heap before
{Heap before GC invocations=20 (full 0):
 garbage-first heap   total 70656K, used 57614K [0x0000000081c00000, 0x0000000100000000)
  region size 1024K, 32 young (32768K), 3 survivors (3072K)
 Metaspace       used 52596K, capacity 53099K, committed 53148K, reserved 1095680K
  class space    used 6716K, capacity 6863K, committed 6908K, reserved 1048576K
}
Event: 16.112 GC heap after
{Heap after GC invocations=21 (full 0):
 garbage-first heap   total 70656K, used 30688K [0x0000000081c00000, 0x0000000100000000)
  region size 1024K, 4 young (4096K), 4 survivors (4096K)
 Metaspace       used 52596K, capacity 53099K, committed 53148K, reserved 1095680K
  class space    used 6716K, capacity 6863K, committed 6908K, reserved 1048576K
}
Event: 16.302 GC heap before
{Heap before GC invocations=21 (full 0):
 garbage-first heap   total 70656K, used 57312K [0x0000000081c00000, 0x0000000100000000)
  region size 1024K, 30 young (30720K), 4 survivors (4096K)
 Metaspace       used 52731K, capacity 53259K, committed 53532K, reserved 1095680K
  class space    used 6729K, capacity 6895K, committed 7036K, reserved 1048576K
}
Event: 16.321 GC heap after
{Heap after GC invocations=22 (full 0):
 garbage-first heap   total 84992K, used 35818K [0x0000000081c00000, 0x0000000100000000)
  region size 1024K, 4 young (4096K), 4 survivors (4096K)
 Metaspace       used 52731K, capacity 53259K, committed 53532K, reserved 1095680K
  class space    used 6729K, capacity 6895K, committed 7036K, reserved 1048576K
}
Event: 17.387 GC heap before
{Heap before GC invocations=22 (full 0):
 garbage-first heap   total 84992K, used 64490K [0x0000000081c00000, 0x0000000100000000)
  region size 1024K, 33 young (33792K), 4 survivors (4096K)
 Metaspace       used 54070K, capacity 54571K, committed 54812K, reserved 1097728K
  class space    used 6835K, capacity 6991K, committed 7036K, reserved 1048576K
}
Event: 17.404 GC heap after
{Heap after GC invocations=23 (full 0):
 garbage-first heap   total 84992K, used 38044K [0x0000000081c00000, 0x0000000100000000)
  region size 1024K, 2 young (2048K), 2 survivors (2048K)
 Metaspace       used 54070K, capacity 54571K, committed 54812K, reserved 1097728K
  class space    used 6835K, capacity 6991K, committed 7036K, reserved 1048576K
}
Event: 18.051 GC heap before
{Heap before GC invocations=23 (full 0):
 garbage-first heap   total 84992K, used 66716K [0x0000000081c00000, 0x0000000100000000)
  region size 1024K, 30 young (30720K), 2 survivors (2048K)
 Metaspace       used 56157K, capacity 56647K, committed 56860K, reserved 1099776K
  class space    used 7013K, capacity 7161K, committed 7292K, reserved 1048576K
}
Event: 18.062 GC heap after
{Heap after GC invocations=24 (full 0):
 garbage-first heap   total 84992K, used 40324K [0x0000000081c00000, 0x0000000100000000)
  region size 1024K, 4 young (4096K), 4 survivors (4096K)
 Metaspace       used 56157K, capacity 56647K, committed 56860K, reserved 1099776K
  class space    used 7013K, capacity 7161K, committed 7292K, reserved 1048576K
}
Event: 19.101 GC heap before
{Heap before GC invocations=24 (full 0):
 garbage-first heap   total 84992K, used 67972K [0x0000000081c00000, 0x0000000100000000)
  region size 1024K, 31 young (31744K), 4 survivors (4096K)
 Metaspace       used 58528K, capacity 59120K, committed 59420K, reserved 1101824K
  class space    used 7275K, capacity 7444K, committed 7548K, reserved 1048576K
}
Event: 19.117 GC heap after
{Heap after GC invocations=25 (full 0):
 garbage-first heap   total 84992K, used 43822K [0x0000000081c00000, 0x0000000100000000)
  region size 1024K, 4 young (4096K), 4 survivors (4096K)
 Metaspace       used 58528K, capacity 59120K, committed 59420K, reserved 1101824K
  class space    used 7275K, capacity 7444K, committed 7548K, reserved 1048576K
}
Event: 19.581 GC heap before
{Heap before GC invocations=25 (full 0):
 garbage-first heap   total 84992K, used 67374K [0x0000000081c00000, 0x0000000100000000)
  region size 1024K, 27 young (27648K), 4 survivors (4096K)
 Metaspace       used 58737K, capacity 59328K, committed 59676K, reserved 1101824K
  class space    used 7278K, capacity 7449K, committed 7548K, reserved 1048576K
}
Event: 19.601 GC heap after
{Heap after GC invocations=26 (full 0):
 garbage-first heap   total 102400K, used 47147K [0x0000000081c00000, 0x0000000100000000)
  region size 1024K, 4 young (4096K), 4 survivors (4096K)
 Metaspace       used 58737K, capacity 59328K, committed 59676K, reserved 1101824K
  class space    used 7278K, capacity 7449K, committed 7548K, reserved 1048576K
}
Event: 21.220 GC heap before
{Heap before GC invocations=27 (full 0):
 garbage-first heap   total 102400K, used 80939K [0x0000000081c00000, 0x0000000100000000)
  region size 1024K, 37 young (37888K), 4 survivors (4096K)
 Metaspace       used 61363K, capacity 61957K, committed 62108K, reserved 1103872K
  class space    used 7692K, capacity 7874K, committed 7932K, reserved 1048576K
}
Event: 21.243 GC heap after
{Heap after GC invocations=28 (full 0):
 garbage-first heap   total 102400K, used 50825K [0x0000000081c00000, 0x0000000100000000)
  region size 1024K, 4 young (4096K), 4 survivors (4096K)
 Metaspace       used 61363K, capacity 61957K, committed 62108K, reserved 1103872K
  class space    used 7692K, capacity 7874K, committed 7932K, reserved 1048576K
}
Event: 22.289 GC heap before
{Heap before GC invocations=28 (full 0):
 garbage-first heap   total 102400K, used 81545K [0x0000000081c00000, 0x0000000100000000)
  region size 1024K, 34 young (34816K), 4 survivors (4096K)
 Metaspace       used 63317K, capacity 63958K, committed 64284K, reserved 1105920K
  class space    used 7987K, capacity 8171K, committed 8316K, reserved 1048576K
}
Event: 22.313 GC heap after
{Heap after GC invocations=29 (full 0):
 garbage-first heap   total 102400K, used 53994K [0x0000000081c00000, 0x0000000100000000)
  region size 1024K, 4 young (4096K), 4 survivors (4096K)
 Metaspace       used 63317K, capacity 63958K, committed 64284K, reserved 1105920K
  class space    used 7987K, capacity 8171K, committed 8316K, reserved 1048576K
}
Event: 23.279 GC heap before
{Heap before GC invocations=30 (full 0):
 garbage-first heap   total 102400K, used 81642K [0x0000000081c00000, 0x0000000100000000)
  region size 1024K, 31 young (31744K), 4 survivors (4096K)
 Metaspace       used 65018K, capacity 65591K, committed 65692K, reserved 1105920K
  class space    used 8217K, capacity 8394K, committed 8444K, reserved 1048576K
}
Event: 23.302 GC heap after
{Heap after GC invocations=31 (full 0):
 garbage-first heap   total 102400K, used 57019K [0x0000000081c00000, 0x0000000100000000)
  region size 1024K, 3 young (3072K), 3 survivors (3072K)
 Metaspace       used 65018K, capacity 65591K, committed 65692K, reserved 1105920K
  class space    used 8217K, capacity 8394K, committed 8444K, reserved 1048576K
}
Event: 24.015 GC heap before
{Heap before GC invocations=31 (full 0):
 garbage-first heap   total 102400K, used 82619K [0x0000000081c00000, 0x0000000100000000)
  region size 1024K, 28 young (28672K), 3 survivors (3072K)
 Metaspace       used 66425K, capacity 67125K, committed 67228K, reserved 1107968K
  class space    used 8414K, capacity 8625K, committed 8700K, reserved 1048576K
}
Event: 24.037 GC heap after
{Heap after GC invocations=32 (full 0):
 garbage-first heap   total 131072K, used 58945K [0x0000000081c00000, 0x0000000100000000)
  region size 1024K, 3 young (3072K), 3 survivors (3072K)
 Metaspace       used 66425K, capacity 67125K, committed 67228K, reserved 1107968K
  class space    used 8414K, capacity 8625K, committed 8700K, reserved 1048576K
}

