# JRE version: Java(TM) SE Runtime Environment (15.0.2+7) (build 15.0.2+7-27)
# Java VM: Java HotSpot(TM) 64-Bit Server VM (15.0.2+7-27, mixed mode, sharing, tiered, compressed oops, g1 gc, windows-amd64)
GC Precious Log:
 CPUs: 4 total, 4 available
 Memory: 8073M
 Large Page Support: Disabled
 NUMA Support: Disabled
 Compressed Oops: Enabled (32-bit)
 Heap Region Size: 1M
 Heap Min Capacity: 8M
 Heap Initial Capacity: 128M
 Heap Max Capacity: 2020M
 Pre-touch: Disabled
 Parallel Workers: 4
 Concurrent Workers: 1
 Concurrent Refinement Workers: 4
 Periodic GC: Disabled
Heap:
 garbage-first heap   total 114688K, used 47660K [0x0000000081c00000, 0x0000000100000000)
  region size 1024K, 1 young (1024K), 1 survivors (1024K)
 Metaspace       used 61175K, capacity 61777K, committed 61952K, reserved 1103872K
  class space    used 7662K, capacity 7841K, committed 7936K, reserved 1048576K
GC Heap History (20 events):
Event: 16.143 GC heap after
{Heap after GC invocations=23 (full 0):
 garbage-first heap   total 70656K, used 28232K [0x0000000081c00000, 0x0000000100000000)
  region size 1024K, 2 young (2048K), 2 survivors (2048K)
 Metaspace       used 50857K, capacity 51372K, committed 51584K, reserved 1093632K
  class space    used 6553K, capacity 6699K, committed 6784K, reserved 1048576K
}
Event: 16.430 GC heap before
{Heap before GC invocations=23 (full 0):
 garbage-first heap   total 70656K, used 57928K [0x0000000081c00000, 0x0000000100000000)
  region size 1024K, 31 young (31744K), 2 survivors (2048K)
 Metaspace       used 51144K, capacity 51660K, committed 51840K, reserved 1093632K
  class space    used 6574K, capacity 6731K, committed 6784K, reserved 1048576K
}
Event: 16.438 GC heap after
{Heap after GC invocations=24 (full 0):
 garbage-first heap   total 70656K, used 28668K [0x0000000081c00000, 0x0000000100000000)
  region size 1024K, 3 young (3072K), 3 survivors (3072K)
 Metaspace       used 51144K, capacity 51660K, committed 51840K, reserved 1093632K
  class space    used 6574K, capacity 6731K, committed 6784K, reserved 1048576K
}
Event: 16.908 GC heap before
{Heap before GC invocations=24 (full 0):
 garbage-first heap   total 70656K, used 57340K [0x0000000081c00000, 0x0000000100000000)
  region size 1024K, 31 young (31744K), 3 survivors (3072K)
 Metaspace       used 52420K, capacity 52891K, committed 52992K, reserved 1095680K
  class space    used 6715K, capacity 6863K, committed 6912K, reserved 1048576K
}
Event: 16.920 GC heap after
{Heap after GC invocations=25 (full 0):
 garbage-first heap   total 70656K, used 30682K [0x0000000081c00000, 0x0000000100000000)
  region size 1024K, 4 young (4096K), 4 survivors (4096K)
 Metaspace       used 52420K, capacity 52891K, committed 52992K, reserved 1095680K
  class space    used 6715K, capacity 6863K, committed 6912K, reserved 1048576K
}
Event: 17.223 GC heap before
{Heap before GC invocations=25 (full 0):
 garbage-first heap   total 70656K, used 58330K [0x0000000081c00000, 0x0000000100000000)
  region size 1024K, 31 young (31744K), 4 survivors (4096K)
 Metaspace       used 52601K, capacity 53115K, committed 53248K, reserved 1095680K
  class space    used 6728K, capacity 6895K, committed 6912K, reserved 1048576K
}
Event: 17.244 GC heap after
{Heap after GC invocations=26 (full 0):
 garbage-first heap   total 70656K, used 35667K [0x0000000081c00000, 0x0000000100000000)
  region size 1024K, 4 young (4096K), 4 survivors (4096K)
 Metaspace       used 52601K, capacity 53115K, committed 53248K, reserved 1095680K
  class space    used 6728K, capacity 6895K, committed 6912K, reserved 1048576K
}
Event: 18.197 GC heap before
{Heap before GC invocations=26 (full 0):
 garbage-first heap   total 70656K, used 55123K [0x0000000081c00000, 0x0000000100000000)
  region size 1024K, 24 young (24576K), 4 survivors (4096K)
 Metaspace       used 53680K, capacity 54171K, committed 54400K, reserved 1097728K
  class space    used 6830K, capacity 6991K, committed 7040K, reserved 1048576K
}
Event: 18.219 GC heap after
{Heap after GC invocations=27 (full 0):
 garbage-first heap   total 70656K, used 38736K [0x0000000081c00000, 0x0000000100000000)
  region size 1024K, 3 young (3072K), 3 survivors (3072K)
 Metaspace       used 53680K, capacity 54171K, committed 54400K, reserved 1097728K
  class space    used 6830K, capacity 6991K, committed 7040K, reserved 1048576K
}
Event: 18.670 GC heap before
{Heap before GC invocations=28 (full 0):
 garbage-first heap   total 73728K, used 55120K [0x0000000081c00000, 0x0000000100000000)
  region size 1024K, 20 young (20480K), 3 survivors (3072K)
 Metaspace       used 54029K, capacity 54491K, committed 54656K, reserved 1097728K
  class space    used 6835K, capacity 6991K, committed 7040K, reserved 1048576K
}
Event: 18.681 GC heap after
{Heap after GC invocations=29 (full 0):
 garbage-first heap   total 73728K, used 39212K [0x0000000081c00000, 0x0000000100000000)
  region size 1024K, 1 young (1024K), 1 survivors (1024K)
 Metaspace       used 54029K, capacity 54491K, committed 54656K, reserved 1097728K
  class space    used 6835K, capacity 6991K, committed 7040K, reserved 1048576K
}
Event: 19.054 GC heap before
{Heap before GC invocations=29 (full 0):
 garbage-first heap   total 73728K, used 58668K [0x0000000081c00000, 0x0000000100000000)
  region size 1024K, 20 young (20480K), 1 survivors (1024K)
 Metaspace       used 55583K, capacity 56087K, committed 56320K, reserved 1097728K
  class space    used 6977K, capacity 7129K, committed 7168K, reserved 1048576K
}
Event: 19.064 GC heap after
{Heap after GC invocations=30 (full 0):
 garbage-first heap   total 89088K, used 39756K [0x0000000081c00000, 0x0000000100000000)
  region size 1024K, 2 young (2048K), 2 survivors (2048K)
 Metaspace       used 55583K, capacity 56087K, committed 56320K, reserved 1097728K
  class space    used 6977K, capacity 7129K, committed 7168K, reserved 1048576K
}
Event: 20.429 GC heap before
{Heap before GC invocations=31 (full 0):
 garbage-first heap   total 89088K, used 70476K [0x0000000081c00000, 0x0000000100000000)
  region size 1024K, 32 young (32768K), 2 survivors (2048K)
 Metaspace       used 58415K, capacity 58976K, committed 59264K, reserved 1101824K
  class space    used 7274K, capacity 7444K, committed 7552K, reserved 1048576K
}
Event: 20.447 GC heap after
{Heap after GC invocations=32 (full 0):
 garbage-first heap   total 89088K, used 44004K [0x0000000081c00000, 0x0000000100000000)
  region size 1024K, 4 young (4096K), 4 survivors (4096K)
 Metaspace       used 58415K, capacity 58976K, committed 59264K, reserved 1101824K
  class space    used 7274K, capacity 7444K, committed 7552K, reserved 1048576K
}
Event: 21.238 GC heap before
{Heap before GC invocations=32 (full 0):
 garbage-first heap   total 89088K, used 71652K [0x0000000081c00000, 0x0000000100000000)
  region size 1024K, 31 young (31744K), 4 survivors (4096K)
 Metaspace       used 58611K, capacity 59184K, committed 59520K, reserved 1101824K
  class space    used 7277K, capacity 7449K, committed 7552K, reserved 1048576K
}
Event: 21.266 GC heap after
{Heap after GC invocations=33 (full 0):
 garbage-first heap   total 89088K, used 47717K [0x0000000081c00000, 0x0000000100000000)
  region size 1024K, 4 young (4096K), 4 survivors (4096K)
 Metaspace       used 58611K, capacity 59184K, committed 59520K, reserved 1101824K
  class space    used 7277K, capacity 7449K, committed 7552K, reserved 1048576K
}
Event: 22.330 GC heap before
{Heap before GC invocations=34 (full 0):
 garbage-first heap   total 89088K, used 71269K [0x0000000081c00000, 0x0000000100000000)
  region size 1024K, 27 young (27648K), 4 survivors (4096K)
 Metaspace       used 61169K, capacity 61777K, committed 61952K, reserved 1103872K
  class space    used 7661K, capacity 7841K, committed 7936K, reserved 1048576K
}
Event: 22.351 GC heap after
{Heap after GC invocations=35 (full 0):
 garbage-first heap   total 89088K, used 50865K [0x0000000081c00000, 0x0000000100000000)
  region size 1024K, 3 young (3072K), 3 survivors (3072K)
 Metaspace       used 61169K, capacity 61777K, committed 61952K, reserved 1103872K
  class space    used 7661K, capacity 7841K, committed 7936K, reserved 1048576K
}
Event: 22.387 GC heap before
{Heap before GC invocations=35 (full 0):
 garbage-first heap   total 89088K, used 51889K [0x0000000081c00000, 0x0000000100000000)
  region size 1024K, 4 young (4096K), 3 survivors (3072K)
 Metaspace       used 61175K, capacity 61777K, committed 61952K, reserved 1103872K
  class space    used 7662K, capacity 7841K, committed 7936K, reserved 1048576K
}

